<?xml version="1.0" encoding="UTF-8"?>
<testng-results skipped="0" failed="0" total="1" passed="1">
  <reporter-output>
  </reporter-output>
  <suite name="Default suite" duration-ms="14129" started-at="2019-05-29T11:11:51Z" finished-at="2019-05-29T11:12:05Z">
    <groups>
    </groups>
    <test name="Default test" duration-ms="14129" started-at="2019-05-29T11:11:51Z" finished-at="2019-05-29T11:12:05Z">
      <class name="occurrencesuser.radionbuttons">
        <test-method status="PASS" signature="f()[pri:0, instance:occurrencesuser.radionbuttons@7f9a81e8]" name="f" duration-ms="14102" started-at="2019-05-29T16:11:51Z" finished-at="2019-05-29T16:12:05Z">
          <reporter-output>
          </reporter-output>
        </test-method> <!-- f -->
      </class> <!-- occurrencesuser.radionbuttons -->
    </test> <!-- Default test -->
  </suite> <!-- Default suite -->
</testng-results>
